<?xml version="1.0" encoding="UTF-8"?>
<!-- Generated by org.testng.reporters.JUnitXMLReporter -->
<testsuite ignored="0" hostname="DESKTOP-ENLM4DU" failures="0" tests="9" name="Test" time="0.109" errors="0" timestamp="06 Oct 2021 06:54:14 GMT">
  <testcase classname="org.data.A" name="TestA1" time="0.015"/>
  <testcase classname="org.data.B" name="TestB1" time="0.015"/>
  <testcase classname="org.data.B" name="TestB2" time="0.004"/>
  <testcase classname="org.data.A" name="TestA2" time="0.008"/>
  <testcase classname="org.data.B" name="TestB3" time="0.004"/>
  <testcase classname="org.data.B" name="TestB4" time="0.004"/>
  <testcase classname="org.data.A" name="TestA3" time="0.004"/>
  <testcase classname="org.data.A" name="TestA4" time="0.002"/>
  <testcase classname="org.data.A" name="TestA5" time="0.002"/>
</testsuite> <!-- Test -->
